<?xml version="1.0" encoding="UTF-8"?>
<testng-results ignored="0" total="2" passed="2" failed="0" skipped="0">
  <reporter-output>
  </reporter-output>
  <suite started-at="2023-04-08T06:09:01Z" name="All Test Suite" finished-at="2023-04-08T06:09:15Z" duration-ms="13963">
    <groups>
    </groups>
    <test started-at="2023-04-08T06:09:01Z" name="C:/Users/nazia/IdeaProjects/wbl2Project" finished-at="2023-04-08T06:09:15Z" duration-ms="13963">
      <class name="com.PageTestPackage.HomePageTest">
        <test-method is-config="true" signature="setup()[pri:0, instance:com.PageTestPackage.HomePageTest@34f5090e]" started-at="2023-04-08T06:09:01Z" name="setup" finished-at="2023-04-08T06:09:10Z" duration-ms="9245" status="PASS">
          <reporter-output>
          </reporter-output>
        </test-method> <!-- setup -->
        <test-method signature="TestTitle()[pri:1, instance:com.PageTestPackage.HomePageTest@34f5090e]" started-at="2023-04-08T06:09:10Z" name="TestTitle" finished-at="2023-04-08T06:09:10Z" duration-ms="15" status="PASS">
          <reporter-output>
          </reporter-output>
        </test-method> <!-- TestTitle -->
        <test-method is-config="true" signature="TearDown()[pri:0, instance:com.PageTestPackage.HomePageTest@34f5090e]" started-at="2023-04-08T06:09:10Z" name="TearDown" finished-at="2023-04-08T06:09:10Z" duration-ms="578" status="PASS">
          <reporter-output>
          </reporter-output>
        </test-method> <!-- TearDown -->
      </class> <!-- com.PageTestPackage.HomePageTest -->
      <class name="com.PageTestPackage.LoginPageTest">
        <test-method is-config="true" signature="SetUp()[pri:0, instance:com.PageTestPackage.LoginPageTest@31e5415e]" started-at="2023-04-08T06:09:10Z" name="SetUp" finished-at="2023-04-08T06:09:14Z" duration-ms="3658" status="PASS">
          <reporter-output>
          </reporter-output>
        </test-method> <!-- SetUp -->
        <test-method signature="VerifyLoginTitleTest()[pri:1, instance:com.PageTestPackage.LoginPageTest@31e5415e]" started-at="2023-04-08T06:09:14Z" name="VerifyLoginTitleTest" finished-at="2023-04-08T06:09:14Z" duration-ms="6" status="PASS">
          <reporter-output>
          </reporter-output>
        </test-method> <!-- VerifyLoginTitleTest -->
        <test-method is-config="true" signature="TearDown()[pri:0, instance:com.PageTestPackage.LoginPageTest@31e5415e]" started-at="2023-04-08T06:09:14Z" name="TearDown" finished-at="2023-04-08T06:09:15Z" duration-ms="433" status="PASS">
          <reporter-output>
          </reporter-output>
        </test-method> <!-- TearDown -->
      </class> <!-- com.PageTestPackage.LoginPageTest -->
    </test> <!-- C:/Users/nazia/IdeaProjects/wbl2Project -->
  </suite> <!-- All Test Suite -->
</testng-results>
